<?xml version="1.0" encoding="UTF-8"?>
<testsuite xmlns:xsi="http://www.w3.org/2001/XMLSchema-instance" xsi:noNamespaceSchemaLocation="https://maven.apache.org/surefire/maven-surefire-plugin/xsd/surefire-test-report.xsd" version="3.0.2" name="com.trace.user.service.UserServiceTest" time="1.002" tests="6" errors="0" skipped="0" failures="1">
  <properties>
[...]
</properties>
  <testcase name="findById_ShouldThrowException_WhenNotExists" classname="com.trace.user.service.UserServiceTest" time="0.591">
    <system-out><![CDATA[15:34:22.784 [main] INFO com.trace.user.service.UserService -- Recherche de l'utilisateur avec ID: 1
]]></system-out>
  </testcase>
  <testcase name="deleteById_ShouldCallRepositoryDelete_WhenUserExists" classname="com.trace.user.service.UserServiceTest" time="0.012">
    <system-out><![CDATA[15:34:22.814 [main] INFO com.trace.user.service.UserService -- Suppression de l'utilisateur avec ID: 1
]]></system-out>
  </testcase>
  <testcase name="findById_ShouldReturnUser_WhenExists" classname="com.trace.user.service.UserServiceTest" time="0.027">
    <system-out><![CDATA[15:34:22.826 [main] INFO com.trace.user.service.UserService -- Recherche de l'utilisateur avec ID: 1
]]></system-out>
  </testcase>
  <testcase name="save_ShouldEncodePasswordAndSaveUser_WhenNewUser" classname="com.trace.user.service.UserServiceTest" time="0.324">
    <failure message="&#10;Wanted but not invoked:&#10;passwordEncoder.encode(&quot;password123&quot;);&#10;-&gt; at org.springframework.security.crypto.bcrypt.BCryptPasswordEncoder.encode(BCryptPasswordEncoder.java:106)&#10;Actually, there were zero interactions with this mock.&#10;" type="Wanted but not invoked"><![CDATA[Wanted but not invoked:
passwordEncoder.encode("password123");
-> at org.springframework.security.crypto.bcrypt.BCryptPasswordEncoder.encode(BCryptPasswordEncoder.java:106)
Actually, there were zero interactions with this mock.

	at org.springframework.security.crypto.bcrypt.BCryptPasswordEncoder.encode(BCryptPasswordEncoder.java:106)
	at com.trace.user.service.UserServiceTest.save_ShouldEncodePasswordAndSaveUser_WhenNewUser(UserServiceTest.java:58)
	at java.base/java.lang.reflect.Method.invoke(Method.java:569)
	at java.base/java.util.ArrayList.forEach(ArrayList.java:1511)
	at java.base/java.util.ArrayList.forEach(ArrayList.java:1511)
]]></failure>
    <system-out><![CDATA[15:34:22.865 [main] INFO com.trace.user.service.UserService -- Sauvegarde de l'utilisateur: testuser
]]></system-out>
  </testcase>
  <testcase name="deleteById_ShouldThrowException_WhenUserNotExists" classname="com.trace.user.service.UserServiceTest" time="0.011">
    <system-out><![CDATA[15:34:23.196 [main] INFO com.trace.user.service.UserService -- Suppression de l'utilisateur avec ID: 1
]]></system-out>
  </testcase>
  <testcase name="save_ShouldNotEncodePassword_WhenPasswordAlreadyEncoded" classname="com.trace.user.service.UserServiceTest" time="0.01">
    <system-out><![CDATA[15:34:23.207 [main] INFO com.trace.user.service.UserService -- Sauvegarde de l'utilisateur: testuser
]]></system-out>
  </testcase>
</testsuite>